<?xml version="1.0" encoding="UTF-8"?>
<coverage generated="1581716810006" clover="3.2.0">
  <project timestamp="1581716810006" name="All files">
    <metrics statements="7" coveredstatements="4" conditionals="0" coveredconditionals="0" methods="4" coveredmethods="1" elements="11" coveredelements="5" complexity="0" loc="7" ncloc="7" packages="1" files="3" classes="3"/>
    <file name="LeadingPhoto.jsx" path="/Users/roswell/hrsf125/hrsf125-SDC-project/HT-service/client/src/components/LeadingPhoto.jsx">
      <metrics statements="2" coveredstatements="1" conditionals="0" coveredconditionals="0" methods="1" coveredmethods="0"/>
      <line num="4" count="1" type="stmt"/>
      <line num="15" count="0" type="stmt"/>
    </file>
    <file name="PhotoGallery.jsx" path="/Users/roswell/hrsf125/hrsf125-SDC-project/HT-service/client/src/components/PhotoGallery.jsx">
      <metrics statements="1" coveredstatements="1" conditionals="0" coveredconditionals="0" methods="1" coveredmethods="1"/>
      <line num="6" count="1" type="stmt"/>
    </file>
    <file name="PhotoList.jsx" path="/Users/roswell/hrsf125/hrsf125-SDC-project/HT-service/client/src/components/PhotoList.jsx">
      <metrics statements="4" coveredstatements="2" conditionals="0" coveredconditionals="0" methods="2" coveredmethods="0"/>
      <line num="4" count="1" type="stmt"/>
      <line num="10" count="1" type="stmt"/>
      <line num="17" count="0" type="stmt"/>
      <line num="19" count="0" type="stmt"/>
    </file>
  </project>
</coverage>
