{"/Users/roswell/hrsf125/hrsf125-SDC-project/HT-service/client/src/components/LeadingPhoto.jsx": {"path":"/Users/roswell/hrsf125/hrsf125-SDC-project/HT-service/client/src/components/LeadingPhoto.jsx","statementMap":{"0":{"start":{"line":4,"column":12},"end":{"line":11,"column":1}},"1":{"start":{"line":15,"column":2},"end":{"line":17,"column":4}}},"fnMap":{"0":{"name":"LeadingPhoto","decl":{"start":{"line":14,"column":9},"end":{"line":14,"column":21}},"loc":{"start":{"line":14,"column":29},"end":{"line":18,"column":1}},"line":14}},"branchMap":{},"s":{"0":1,"1":0},"f":{"0":0},"b":{},"_coverageSchema":"1a1c01bbd47fc00a2c39e90264f33305004495a9","hash":"76997f64ba18d1b856799b1050938099a07ec196"}
,"/Users/roswell/hrsf125/hrsf125-SDC-project/HT-service/client/src/components/PhotoGallery.jsx": {"path":"/Users/roswell/hrsf125/hrsf125-SDC-project/HT-service/client/src/components/PhotoGallery.jsx","statementMap":{"0":{"start":{"line":6,"column":2},"end":{"line":11,"column":4}}},"fnMap":{"0":{"name":"PhotoGallery","decl":{"start":{"line":5,"column":9},"end":{"line":5,"column":21}},"loc":{"start":{"line":5,"column":29},"end":{"line":12,"column":1}},"line":5}},"branchMap":{},"s":{"0":1},"f":{"0":1},"b":{},"_coverageSchema":"1a1c01bbd47fc00a2c39e90264f33305004495a9","hash":"7025e08dc80e94c92b91429f9cf21f1207dffc49"}
,"/Users/roswell/hrsf125/hrsf125-SDC-project/HT-service/client/src/components/PhotoList.jsx": {"path":"/Users/roswell/hrsf125/hrsf125-SDC-project/HT-service/client/src/components/PhotoList.jsx","statementMap":{"0":{"start":{"line":4,"column":12},"end":{"line":9,"column":1}},"1":{"start":{"line":10,"column":14},"end":{"line":14,"column":1}},"2":{"start":{"line":17,"column":2},"end":{"line":21,"column":4}},"3":{"start":{"line":19,"column":47},"end":{"line":19,"column":98}}},"fnMap":{"0":{"name":"PhotoList","decl":{"start":{"line":16,"column":9},"end":{"line":16,"column":18}},"loc":{"start":{"line":16,"column":26},"end":{"line":22,"column":1}},"line":16},"1":{"name":"(anonymous_1)","decl":{"start":{"line":19,"column":33},"end":{"line":19,"column":34}},"loc":{"start":{"line":19,"column":47},"end":{"line":19,"column":98}},"line":19}},"branchMap":{},"s":{"0":1,"1":1,"2":0,"3":0},"f":{"0":0,"1":0},"b":{},"_coverageSchema":"1a1c01bbd47fc00a2c39e90264f33305004495a9","hash":"4f34c04551a488b598462704dd7264fbe37ee8b4"}
}
